# JRE version: Java(TM) SE Runtime Environment (8.0_271-b09) (build 1.8.0_271-b09)
# Java VM: Java HotSpot(TM) 64-Bit Server VM (25.271-b09 mixed mode windows-amd64 compressed oops)
Heap:
 PSYoungGen      total 76288K, used 47405K [0x000000076af00000, 0x0000000770400000, 0x00000007c0000000)
  eden space 65536K, 72% used [0x000000076af00000,0x000000076dd4b658,0x000000076ef00000)
  from space 10752K, 0% used [0x000000076ef00000,0x000000076ef00000,0x000000076f980000)
  to   space 10752K, 0% used [0x000000076f980000,0x000000076f980000,0x0000000770400000)
 ParOldGen       total 79360K, used 10904K [0x00000006c0c00000, 0x00000006c5980000, 0x000000076af00000)
  object space 79360K, 13% used [0x00000006c0c00000,0x00000006c16a6370,0x00000006c5980000)
 Metaspace       used 23391K, capacity 24132K, committed 24320K, reserved 1071104K
  class space    used 2855K, capacity 3050K, committed 3072K, reserved 1048576K
GC Heap History (4 events):
Event: 30.766 GC heap before
{Heap before GC invocations=1 (full 0):
 PSYoungGen      total 76288K, used 53357K [0x000000076af00000, 0x0000000770400000, 0x00000007c0000000)
  eden space 65536K, 81% used [0x000000076af00000,0x000000076e31b7c0,0x000000076ef00000)
  from space 10752K, 0% used [0x000000076f980000,0x000000076f980000,0x0000000770400000)
  to   space 10752K, 0% used [0x000000076ef00000,0x000000076ef00000,0x000000076f980000)
 ParOldGen       total 175104K, used 0K [0x00000006c0c00000, 0x00000006cb700000, 0x000000076af00000)
  object space 175104K, 0% used [0x00000006c0c00000,0x00000006c0c00000,0x00000006cb700000)
 Metaspace       used 20422K, capacity 21118K, committed 21296K, reserved 1067008K
  class space    used 2656K, capacity 2847K, committed 2944K, reserved 1048576K
Event: 30.772 GC heap after
Heap after GC invocations=1 (full 0):
 PSYoungGen      total 76288K, used 10731K [0x000000076af00000, 0x0000000770400000, 0x00000007c0000000)
  eden space 65536K, 0% used [0x000000076af00000,0x000000076af00000,0x000000076ef00000)
  from space 10752K, 99% used [0x000000076ef00000,0x000000076f97ac28,0x000000076f980000)
  to   space 10752K, 0% used [0x000000076f980000,0x000000076f980000,0x0000000770400000)
 ParOldGen       total 175104K, used 2565K [0x00000006c0c00000, 0x00000006cb700000, 0x000000076af00000)
  object space 175104K, 1% used [0x00000006c0c00000,0x00000006c0e81480,0x00000006cb700000)
 Metaspace       used 20422K, capacity 21118K, committed 21296K, reserved 1067008K
  class space    used 2656K, capacity 2847K, committed 2944K, reserved 1048576K
}
Event: 30.772 GC heap before
{Heap before GC invocations=2 (full 1):
 PSYoungGen      total 76288K, used 10731K [0x000000076af00000, 0x0000000770400000, 0x00000007c0000000)
  eden space 65536K, 0% used [0x000000076af00000,0x000000076af00000,0x000000076ef00000)
  from space 10752K, 99% used [0x000000076ef00000,0x000000076f97ac28,0x000000076f980000)
  to   space 10752K, 0% used [0x000000076f980000,0x000000076f980000,0x0000000770400000)
 ParOldGen       total 175104K, used 2565K [0x00000006c0c00000, 0x00000006cb700000, 0x000000076af00000)
  object space 175104K, 1% used [0x00000006c0c00000,0x00000006c0e81480,0x00000006cb700000)
 Metaspace       used 20422K, capacity 21118K, committed 21296K, reserved 1067008K
  class space    used 2656K, capacity 2847K, committed 2944K, reserved 1048576K
Event: 30.789 GC heap after
Heap after GC invocations=2 (full 1):
 PSYoungGen      total 76288K, used 0K [0x000000076af00000, 0x0000000770400000, 0x00000007c0000000)
  eden space 65536K, 0% used [0x000000076af00000,0x000000076af00000,0x000000076ef00000)
  from space 10752K, 0% used [0x000000076ef00000,0x000000076ef00000,0x000000076f980000)
  to   space 10752K, 0% used [0x000000076f980000,0x000000076f980000,0x0000000770400000)
 ParOldGen       total 79360K, used 10904K [0x00000006c0c00000, 0x00000006c5980000, 0x000000076af00000)
  object space 79360K, 13% used [0x00000006c0c00000,0x00000006c16a6370,0x00000006c5980000)
 Metaspace       used 20422K, capacity 21118K, committed 21296K, reserved 1067008K
  class space    used 2656K, capacity 2847K, committed 2944K, reserved 1048576K
}

