# JRE version: Java(TM) SE Runtime Environment (8.0_271-b09) (build 1.8.0_271-b09)
# Java VM: Java HotSpot(TM) 64-Bit Server VM (25.271-b09 mixed mode windows-amd64 compressed oops)
Heap:
 PSYoungGen      total 76288K, used 49561K [0x000000076af00000, 0x0000000770400000, 0x00000007c0000000)
  eden space 65536K, 75% used [0x000000076af00000,0x000000076df667a0,0x000000076ef00000)
  from space 10752K, 0% used [0x000000076ef00000,0x000000076ef00000,0x000000076f980000)
  to   space 10752K, 0% used [0x000000076f980000,0x000000076f980000,0x0000000770400000)
 ParOldGen       total 81408K, used 11939K [0x00000006c0c00000, 0x00000006c5b80000, 0x000000076af00000)
  object space 81408K, 14% used [0x00000006c0c00000,0x00000006c17a8f70,0x00000006c5b80000)
 Metaspace       used 23185K, capacity 23904K, committed 24064K, reserved 1071104K
  class space    used 2852K, capacity 3040K, committed 3072K, reserved 1048576K
GC Heap History (4 events):
Event: 8.402 GC heap before
{Heap before GC invocations=1 (full 0):
 PSYoungGen      total 76288K, used 54697K [0x000000076af00000, 0x0000000770400000, 0x00000007c0000000)
  eden space 65536K, 83% used [0x000000076af00000,0x000000076e46a7b0,0x000000076ef00000)
  from space 10752K, 0% used [0x000000076f980000,0x000000076f980000,0x0000000770400000)
  to   space 10752K, 0% used [0x000000076ef00000,0x000000076ef00000,0x000000076f980000)
 ParOldGen       total 175104K, used 0K [0x00000006c0c00000, 0x00000006cb700000, 0x000000076af00000)
  object space 175104K, 0% used [0x00000006c0c00000,0x00000006c0c00000,0x00000006cb700000)
 Metaspace       used 20472K, capacity 21122K, committed 21296K, reserved 1067008K
  class space    used 2669K, capacity 2869K, committed 2944K, reserved 1048576K
Event: 8.408 GC heap after
Heap after GC invocations=1 (full 0):
 PSYoungGen      total 76288K, used 10743K [0x000000076af00000, 0x0000000770400000, 0x00000007c0000000)
  eden space 65536K, 0% used [0x000000076af00000,0x000000076af00000,0x000000076ef00000)
  from space 10752K, 99% used [0x000000076ef00000,0x000000076f97df78,0x000000076f980000)
  to   space 10752K, 0% used [0x000000076f980000,0x000000076f980000,0x0000000770400000)
 ParOldGen       total 175104K, used 3423K [0x00000006c0c00000, 0x00000006cb700000, 0x000000076af00000)
  object space 175104K, 1% used [0x00000006c0c00000,0x00000006c0f57f78,0x00000006cb700000)
 Metaspace       used 20472K, capacity 21122K, committed 21296K, reserved 1067008K
  class space    used 2669K, capacity 2869K, committed 2944K, reserved 1048576K
}
Event: 8.408 GC heap before
{Heap before GC invocations=2 (full 1):
 PSYoungGen      total 76288K, used 10743K [0x000000076af00000, 0x0000000770400000, 0x00000007c0000000)
  eden space 65536K, 0% used [0x000000076af00000,0x000000076af00000,0x000000076ef00000)
  from space 10752K, 99% used [0x000000076ef00000,0x000000076f97df78,0x000000076f980000)
  to   space 10752K, 0% used [0x000000076f980000,0x000000076f980000,0x0000000770400000)
 ParOldGen       total 175104K, used 3423K [0x00000006c0c00000, 0x00000006cb700000, 0x000000076af00000)
  object space 175104K, 1% used [0x00000006c0c00000,0x00000006c0f57f78,0x00000006cb700000)
 Metaspace       used 20472K, capacity 21122K, committed 21296K, reserved 1067008K
  class space    used 2669K, capacity 2869K, committed 2944K, reserved 1048576K
Event: 8.425 GC heap after
Heap after GC invocations=2 (full 1):
 PSYoungGen      total 76288K, used 0K [0x000000076af00000, 0x0000000770400000, 0x00000007c0000000)
  eden space 65536K, 0% used [0x000000076af00000,0x000000076af00000,0x000000076ef00000)
  from space 10752K, 0% used [0x000000076ef00000,0x000000076ef00000,0x000000076f980000)
  to   space 10752K, 0% used [0x000000076f980000,0x000000076f980000,0x0000000770400000)
 ParOldGen       total 81408K, used 11939K [0x00000006c0c00000, 0x00000006c5b80000, 0x000000076af00000)
  object space 81408K, 14% used [0x00000006c0c00000,0x00000006c17a8f70,0x00000006c5b80000)
 Metaspace       used 20472K, capacity 21122K, committed 21296K, reserved 1067008K
  class space    used 2669K, capacity 2869K, committed 2944K, reserved 1048576K
}

